This is pdfTeXk, Version 3.141592-1.40.3 (Web2C 7.5.6) (format=pdflatex 2010.3.25)  18 MAY 2010 17:55
entering extended mode
 %&-line parsing enabled.
**ADTBlock.tex
(./ADTBlock.tex
LaTeX2e <2005/12/01>
Babel <v3.8h> and hyphenation patterns for english, usenglishmax, dumylang, noh
yphenation, basque, french, loaded.
(/usr/share/texmf-texlive/tex/latex/base/article.cls
Document Class: article 2005/09/16 v1.4f Standard LaTeX document class
(/usr/share/texmf-texlive/tex/latex/base/size11.clo
File: size11.clo 2005/09/16 v1.4f Standard LaTeX file (size option)
)
\c@part=\count79
\c@section=\count80
\c@subsection=\count81
\c@subsubsection=\count82
\c@paragraph=\count83
\c@subparagraph=\count84
\c@figure=\count85
\c@table=\count86
\abovecaptionskip=\skip41
\belowcaptionskip=\skip42
\bibindent=\dimen102
)
(/usr/share/texmf-texlive/tex/latex/base/inputenc.sty
Package: inputenc 2006/05/05 v1.1b Input encoding file
\inpenc@prehook=\toks14
\inpenc@posthook=\toks15

(/usr/share/texmf-texlive/tex/latex/base/latin1.def
File: latin1.def 2006/05/05 v1.1b Input encoding file
))
(/usr/share/texmf-texlive/tex/generic/babel/babel.sty
Package: babel 2005/11/23 v3.8h The Babel package

(/usr/share/texmf-texlive/tex/generic/babel/frenchb.ldf
Language: french 2005/02/06 v1.6g French support from the babel system

(/usr/share/texmf-texlive/tex/generic/babel/babel.def
File: babel.def 2005/11/23 v3.8h Babel common definitions
\babel@savecnt=\count87
\U@D=\dimen103
)
Package babel Info: Making : an active character on input line 219.
Package babel Info: Making ; an active character on input line 220.
Package babel Info: Making ! an active character on input line 221.
Package babel Info: Making ? an active character on input line 222.
LaTeX Font Info:    Redeclaring font encoding T1 on input line 299.
\parindentFFN=\dimen104
\std@mcc=\count88
\dec@mcc=\count89

*************************************
* Local config file frenchb.cfg used
*
(/usr/share/texmf-texlive/tex/generic/babel/frenchb.cfg)))
(/usr/share/texmf-texlive/tex/latex/geometry/geometry.sty
Package: geometry 2002/07/08 v3.2 Page Geometry

(/usr/share/texmf-texlive/tex/latex/graphics/keyval.sty
Package: keyval 1999/03/16 v1.13 key=value parser (DPC)
\KV@toks@=\toks16
)
\Gm@cnth=\count90
\Gm@cntv=\count91
\c@Gm@tempcnt=\count92
\Gm@bindingoffset=\dimen105
\Gm@wd@mp=\dimen106
\Gm@odd@mp=\dimen107
\Gm@even@mp=\dimen108
\Gm@dimlist=\toks17
) (./ADTBlock.aux)
\openout1 = `ADTBlock.aux'.

LaTeX Font Info:    Checking defaults for OML/cmm/m/it on input line 13.
LaTeX Font Info:    ... okay on input line 13.
LaTeX Font Info:    Checking defaults for T1/lmr/m/n on input line 13.
LaTeX Font Info:    Try loading font information for T1+lmr on input line 13.

(/usr/share/texmf/tex/latex/lm/t1lmr.fd
File: t1lmr.fd 2007/01/14 v1.3 Font defs for Latin Modern
)
LaTeX Font Info:    ... okay on input line 13.
LaTeX Font Info:    Checking defaults for OT1/cmr/m/n on input line 13.
LaTeX Font Info:    ... okay on input line 13.
LaTeX Font Info:    Checking defaults for OMS/cmsy/m/n on input line 13.
LaTeX Font Info:    ... okay on input line 13.
LaTeX Font Info:    Checking defaults for OMX/cmex/m/n on input line 13.
LaTeX Font Info:    ... okay on input line 13.
LaTeX Font Info:    Checking defaults for U/cmr/m/n on input line 13.
LaTeX Font Info:    ... okay on input line 13.
LaTeX Info: Redefining \dots on input line 13.
-------------------- Geometry parameters
paper: a4paper
landscape: --
twocolumn: --
twoside: --
asymmetric: --
h-parts: 89.62709pt, 0.70\paperwidth , 89.6271pt
v-parts: 126.75832pt, 0.70\paperheight , 126.75833pt
hmarginratio: 1:1
vmarginratio: 1:1
lines: --
heightrounded: --
bindingoffset: 0.0pt
truedimen: --
includehead: --
includefoot: --
includemp: --
driver: pdftex
-------------------- Page layout dimensions and switches
\paperwidth  597.50787pt
\paperheight 845.04684pt
\textwidth  418.25368pt
\textheight 591.5302pt
\oddsidemargin  17.3571pt
\evensidemargin 17.3571pt
\topmargin  17.48833pt
\headheight 12.0pt
\headsep    25.0pt
\footskip   30.0pt
\marginparwidth 50.0pt
\marginparsep   10.0pt
\columnsep  10.0pt
\skip\footins  10.0pt plus 4.0pt minus 2.0pt
\hoffset 0.0pt
\voffset 0.0pt
\mag 1000

(1in=72.27pt, 1cm=28.45pt)
-----------------------
LaTeX Font Info:    External font `cmex10' loaded for size
(Font)              <10.95> on input line 24.
LaTeX Font Info:    External font `cmex10' loaded for size
(Font)              <8> on input line 24.
LaTeX Font Info:    External font `cmex10' loaded for size
(Font)              <6> on input line 24.

Underfull \hbox (badness 10000) in paragraph at lines 55--66

 []


Underfull \hbox (badness 10000) in paragraph at lines 67--70

 []

[1

{/var/lib/texmf/fonts/map/pdftex/updmap/pdftex.map}]
Overfull \hbox (4.67151pt too wide) in paragraph at lines 71--83
\OT1/cmr/m/n/10.95 (\OT1/cmr/m/it/10.95 getXMax\OT1/cmr/m/n/10.95 (B) $\OML/cmm
/m/it/10.95 <$ \OT1/cmr/m/n/10.95 x && \OT1/cmr/m/it/10.95 getX-Max\OT1/cmr/m/n
/10.95 ((\OT1/cmr/m/it/10.95 addPos\OT1/cmr/m/n/10.95 (B,x,y)) = x)  $\OMS/cmsy
/m/n/10.95 k$  \OT1/cmr/m/n/10.95 (\OT1/cmr/m/it/10.95 getX-Max\OT1/cmr/m/n/10.
95 (\OT1/cmr/m/it/10.95 addPos\OT1/cmr/m/n/10.95 (B,x,y))
 []


Overfull \hbox (0.41316pt too wide) in paragraph at lines 71--83
\OT1/cmr/m/n/10.95 (\OT1/cmr/m/it/10.95 getYMax\OT1/cmr/m/n/10.95 (B) $\OML/cmm
/m/it/10.95 <$ \OT1/cmr/m/n/10.95 y && \OT1/cmr/m/it/10.95 ge-tY-Max\OT1/cmr/m/
n/10.95 (\OT1/cmr/m/it/10.95 addPos\OT1/cmr/m/n/10.95 (B,x,y)) = y)  $\OMS/cmsy
/m/n/10.95 k$  \OT1/cmr/m/n/10.95 (\OT1/cmr/m/it/10.95 ge-tY-Max\OT1/cmr/m/n/10
.95 (\OT1/cmr/m/it/10.95 addPos\OT1/cmr/m/n/10.95 (B,x,y))
 []


Underfull \hbox (badness 10000) in paragraph at lines 71--83

 []


Underfull \hbox (badness 10000) in paragraph at lines 84--95

 []


Underfull \hbox (badness 10000) in paragraph at lines 96--100

 []

[2]
Underfull \hbox (badness 10000) in paragraph at lines 102--106

 []

[3] (./ADTBlock.aux) ) 
Here is how much of TeX's memory you used:
 1201 strings out of 95063
 15680 string characters out of 1182610
 72470 words of memory out of 1500000
 4431 multiletter control sequences out of 10000+50000
 7033 words of font info for 25 fonts, out of 1200000 for 2000
 28 hyphenation exceptions out of 8191
 24i,4n,24p,204b,195s stack positions out of 5000i,500n,6000p,200000b,5000s
</usr/share/texmf-texlive/fonts/type1/bluesky/cm/cmbx10.p
fb></usr/share/texmf-texlive/fonts/type1/bluesky/cm/cmmi10.pfb></usr/share/texm
f-texlive/fonts/type1/bluesky/cm/cmr10.pfb></usr/share/texmf-texlive/fonts/type
1/bluesky/cm/cmsy10.pfb></usr/share/texmf-texlive/fonts/type1/bluesky/cm/cmti10
.pfb>
Output written on ADTBlock.pdf (3 pages, 42630 bytes).
PDF statistics:
 32 PDF objects out of 1000 (max. 8388607)
 0 named destinations out of 1000 (max. 131072)
 1 words of extra memory for PDF output out of 10000 (max. 10000000)

