This is pdfTeX, Version 3.1415926-1.40.10 (MiKTeX 2.8) (preloaded format=latex 2010.5.9)  18 MAY 2010 18:22
entering extended mode
**ADTBoard.tex
(C:\Users\Pauline\Documents\Cours\CPS\Projet\Tetris\spec\ADTBoard.tex
LaTeX2e <2009/09/24>
Babel <v3.8l> and hyphenation patterns for english, dumylang, nohyphenation, ge
rman, ngerman, german-x-2009-06-19, ngerman-x-2009-06-19, french, loaded.
("C:\Program Files\MiKTeX 2.8\tex\latex\base\article.cls"
Document Class: article 2007/10/19 v1.4h Standard LaTeX document class
("C:\Program Files\MiKTeX 2.8\tex\latex\base\size11.clo"
File: size11.clo 2007/10/19 v1.4h Standard LaTeX file (size option)
)
\c@part=\count79
\c@section=\count80
\c@subsection=\count81
\c@subsubsection=\count82
\c@paragraph=\count83
\c@subparagraph=\count84
\c@figure=\count85
\c@table=\count86
\abovecaptionskip=\skip41
\belowcaptionskip=\skip42
\bibindent=\dimen102
)
("C:\Program Files\MiKTeX 2.8\tex\latex\base\inputenc.sty"
Package: inputenc 2008/03/30 v1.1d Input encoding file
\inpenc@prehook=\toks14
\inpenc@posthook=\toks15

("C:\Program Files\MiKTeX 2.8\tex\latex\base\latin1.def"
File: latin1.def 2008/03/30 v1.1d Input encoding file
))
("C:\Program Files\MiKTeX 2.8\tex\generic\babel\babel.sty"
Package: babel 2008/07/06 v3.8l The Babel package

*************************************
* Local config file bblopts.cfg used
*
("C:\Program Files\MiKTeX 2.8\tex\latex\00miktex\bblopts.cfg"
File: bblopts.cfg 2006/07/31 v1.0 MiKTeX 'babel' configuration
)
("C:\Program Files\MiKTeX 2.8\tex\generic\babel\frenchb.ldf"
Language: frenchb 2009/03/16 v2.3d French support from the babel system

("C:\Program Files\MiKTeX 2.8\tex\generic\babel\babel.def"
File: babel.def 2008/07/06 v3.8l Babel common definitions
\babel@savecnt=\count87
\U@D=\dimen103
)
Package babel Info: Making : an active character on input line 120.
Package babel Info: Making ; an active character on input line 121.
Package babel Info: Making ! an active character on input line 122.
Package babel Info: Making ? an active character on input line 123.
\FB@Mht=\dimen104
\std@mcc=\count88
\dec@mcc=\count89
\parindentFFN=\dimen105

*************************************
* Local config file frenchb.cfg used
*
("C:\Program Files\MiKTeX 2.8\tex\generic\babel\frenchb.cfg")))
("C:\Program Files\MiKTeX 2.8\tex\latex\carlisle\scalefnt.sty")
("C:\Program Files\MiKTeX 2.8\tex\latex\graphics\keyval.sty"
Package: keyval 1999/03/16 v1.13 key=value parser (DPC)
\KV@toks@=\toks16
)
("C:\Program Files\MiKTeX 2.8\tex\latex\geometry\geometry.sty"
Package: geometry 2008/12/21 v4.2 Page Geometry

("C:\Program Files\MiKTeX 2.8\tex\generic\oberdiek\ifpdf.sty"
Package: ifpdf 2009/04/10 v2.0 Provides the ifpdf switch (HO)
Package ifpdf Info: pdfTeX in pdf mode not detected.
)
("C:\Program Files\MiKTeX 2.8\tex\generic\oberdiek\ifvtex.sty"
Package: ifvtex 2008/11/04 v1.4 Switches for detecting VTeX and its modes (HO)
Package ifvtex Info: VTeX not detected.
)
\Gm@cnth=\count90
\Gm@cntv=\count91
\c@Gm@tempcnt=\count92
\Gm@bindingoffset=\dimen106
\Gm@wd@mp=\dimen107
\Gm@odd@mp=\dimen108
\Gm@even@mp=\dimen109
\Gm@dimlist=\toks17

("C:\Program Files\MiKTeX 2.8\tex\latex\geometry\geometry.cfg"))
(C:\Users\Pauline\Documents\Cours\CPS\Projet\Tetris\spec\ADTBoard.aux)
LaTeX Font Info:    Checking defaults for OML/cmm/m/it on input line 13.
LaTeX Font Info:    ... okay on input line 13.
LaTeX Font Info:    Checking defaults for T1/cmr/m/n on input line 13.
LaTeX Font Info:    ... okay on input line 13.
LaTeX Font Info:    Checking defaults for OT1/cmr/m/n on input line 13.
LaTeX Font Info:    ... okay on input line 13.
LaTeX Font Info:    Checking defaults for OMS/cmsy/m/n on input line 13.
LaTeX Font Info:    ... okay on input line 13.
LaTeX Font Info:    Checking defaults for OMX/cmex/m/n on input line 13.
LaTeX Font Info:    ... okay on input line 13.
LaTeX Font Info:    Checking defaults for U/cmr/m/n on input line 13.
LaTeX Font Info:    ... okay on input line 13.
LaTeX Info: Redefining \degres on input line 13.
LaTeX Info: Redefining \dots on input line 13.
LaTeX Info: Redefining \up on input line 13.


Package frenchb.ldf Warning: OT1 encoding should not be used for French. 
(frenchb.ldf)                Add \usepackage[T1]{fontenc} to the preamble
(frenchb.ldf)                of your document, on input line 13.

*geometry auto-detecting driver*
*geometry detected driver: dvips*
-------------------- Geometry parameters
paper: a4paper
landscape: --
twocolumn: --
twoside: --
asymmetric: --
h-parts: 89.62709pt, 0.70\paperwidth , 89.6271pt
v-parts: 126.75832pt, 0.70\paperheight , 126.75833pt
hmarginratio: 1:1
vmarginratio: 1:1
lines: --
heightrounded: --
bindingoffset: 0.0pt
truedimen: --
includehead: --
includefoot: --
includemp: --
driver: dvips
-------------------- Page layout dimensions and switches
\paperwidth  597.50787pt
\paperheight 845.04684pt
\textwidth  418.25368pt
\textheight 591.5302pt
\oddsidemargin  17.3571pt
\evensidemargin 17.3571pt
\topmargin  17.48833pt
\headheight 12.0pt
\headsep    25.0pt
\footskip   30.0pt
\marginparwidth 50.0pt
\marginparsep   10.0pt
\columnsep  10.0pt
\skip\footins  10.0pt plus 4.0pt minus 2.0pt
\hoffset 0.0pt
\voffset 0.0pt
\mag 1000

(1in=72.27pt, 1cm=28.45pt)
-----------------------
LaTeX Font Info:    External font `cmex10' loaded for size
(Font)              <10.95> on input line 25.
LaTeX Font Info:    External font `cmex10' loaded for size
(Font)              <8> on input line 25.
LaTeX Font Info:    External font `cmex10' loaded for size
(Font)              <6> on input line 25.
[1

]
Overfull \hbox (20.47954pt too wide) in paragraph at lines 85--91
\OT1/cmr/m/it/10.95 getXblock\OT1/cmr/m/n/10.95 (B,\OT1/cmr/bx/n/10.95 Block :\
OT1/cmr/m/it/10.95 getXMax\OT1/cmr/m/n/10.95 (\OT1/cmr/m/it/10.95 getcurrentBlo
ck\OT1/cmr/m/n/10.95 (B)))$\OML/cmm/m/it/10.95 <\OT1/cmr/m/n/10.95 =$\OT1/cmr/b
x/n/10.95 Grid :\OT1/cmr/m/it/10.95 getWidth\OT1/cmr/m/n/10.95 (\OT1/cmr/m/it/1
0.95 getgrid\OT1/cmr/m/n/10.95 (B))+1 
 []


Overfull \hbox (22.35722pt too wide) in paragraph at lines 85--91
\OT1/cmr/m/it/10.95 getYblock\OT1/cmr/m/n/10.95 (B,\OT1/cmr/bx/n/10.95 Block :\
OT1/cmr/m/it/10.95 getYMax\OT1/cmr/m/n/10.95 (\OT1/cmr/m/it/10.95 getcurrentBlo
ck\OT1/cmr/m/n/10.95 (B)))$\OML/cmm/m/it/10.95 <\OT1/cmr/m/n/10.95 =$\OT1/cmr/b
x/n/10.95 Grid :\OT1/cmr/m/it/10.95 getHeight\OT1/cmr/m/n/10.95 (\OT1/cmr/m/it/
10.95 getgrid\OT1/cmr/m/n/10.95 (B))+4 
 []


Overfull \hbox (36.87112pt too wide) in paragraph at lines 85--91
\OT1/cmr/m/it/10.95 isBlock\OT1/cmr/m/n/10.95 (B) $\OML/cmm/m/it/10.95 <\OT1/cm
r/m/n/10.95 =\OML/cmm/m/it/10.95 >$ \OT1/cmr/m/it/10.95 getX-Min-Block\OT1/cmr/
m/n/10.95 (B) $\OML/cmm/m/it/10.95 >\OT1/cmr/m/n/10.95 =$ 0 && \OT1/cmr/m/it/10
.95 getX-Min-Block\OT1/cmr/m/n/10.95 (B) $\OML/cmm/m/it/10.95 <\OT1/cmr/m/n/10.
95 =$ \OT1/cmr/m/it/10.95 get-grid\OT1/cmr/m/n/10.95 (\OT1/cmr/m/it/10.95 getWi
dth\OT1/cmr/m/n/10.95 (B))) 
 []


Overfull \hbox (52.74051pt too wide) in paragraph at lines 85--91
\OT1/cmr/m/it/10.95 isBlock\OT1/cmr/m/n/10.95 (B) $\OML/cmm/m/it/10.95 <\OT1/cm
r/m/n/10.95 =\OML/cmm/m/it/10.95 >$ \OT1/cmr/m/it/10.95 ge-tY-Min-Block\OT1/cmr
/m/n/10.95 (B) $\OML/cmm/m/it/10.95 >\OT1/cmr/m/n/10.95 =$ 0 && \OT1/cmr/m/it/1
0.95 ge-tY-Min-Block\OT1/cmr/m/n/10.95 (B) $\OML/cmm/m/it/10.95 <\OT1/cmr/m/n/1
0.95 =$ \OT1/cmr/m/it/10.95 get-grid\OT1/cmr/m/n/10.95 (\OT1/cmr/m/it/10.95 get
Height\OT1/cmr/m/n/10.95 (B)))+1 
 []


Underfull \hbox (badness 10000) in paragraph at lines 85--91

 []


Underfull \hbox (badness 10000) in paragraph at lines 92--100

 []


Underfull \hbox (badness 10000) in paragraph at lines 101--109

 []

[2]
Underfull \hbox (badness 10000) in paragraph at lines 111--121

 []


Underfull \hbox (badness 10000) in paragraph at lines 122--130

 []


Underfull \hbox (badness 10000) in paragraph at lines 131--141

 []


Underfull \hbox (badness 10000) in paragraph at lines 142--152

 []


Underfull \hbox (badness 10000) in paragraph at lines 153--159

 []

[3]
Underfull \hbox (badness 10000) in paragraph at lines 161--168

 []

LaTeX Font Info:    Try loading font information for OMS+cmr on input line 172.

("C:\Program Files\MiKTeX 2.8\tex\latex\base\omscmr.fd"
File: omscmr.fd 1999/05/25 v2.5h Standard LaTeX font definitions
)
LaTeX Font Info:    Font shape `OMS/cmr/m/n' in size <10.95> not available
(Font)              Font shape `OMS/cmsy/m/n' tried instead on input line 172.

Underfull \hbox (badness 10000) in paragraph at lines 169--179

 []


Underfull \hbox (badness 10000) in paragraph at lines 180--188

 []

[4] (C:\Users\Pauline\Documents\Cours\CPS\Projet\Tetris\spec\ADTBoard.aux) ) 
Here is how much of TeX's memory you used:
 1378 strings out of 495286
 19338 string characters out of 3180412
 79632 words of memory out of 3000000
 4612 multiletter control sequences out of 15000+200000
 7033 words of font info for 25 fonts, out of 3000000 for 9000
 14 hyphenation exceptions out of 8191
 24i,4n,24p,272b,203s stack positions out of 5000i,500n,10000p,200000b,50000s

Output written on ADTBoard.dvi (4 pages, 12644 bytes).
